Arguments: 
  /usr/local/bin/node /Users/stephan/.yarn/bin/yarn.js init

PATH: 
  /Users/stephan/.yarn/bin:/Users/stephan/.config/yarn/global/node_modules/.bin:/Users/stephan/perl5/bin:/Users/stephan/.yarn/bin:/Library/Frameworks/Python.framework/Versions/3.7/bin:/opt/homebrew/bin:/opt/homebrew/sbin:/usr/local/bin:/System/Cryptexes/App/usr/bin:/usr/bin:/bin:/usr/sbin:/sbin:/usr/local/go/bin:/Library/Apple/usr/bin:/Users/stephan/.yarn/bin:/Users/stephan/.config/yarn/global/node_modules/.bin:/Users/stephan/perl5/bin:/Users/stephan/opt/miniconda3/condabin:/Library/Frameworks/Python.framework/Versions/3.7/bin:/opt/homebrew/bin:/opt/homebrew/sbin:/Users/stephan/.cargo/bin:/Users/stephan/.foundry/bin:/Users/stephan/.foundry/bin

Yarn version: 
  1.22.19

Node version: 
  16.13.0

Platform: 
  darwin arm64

Trace: 
  Error: canceled
      at Interface.<anonymous> (/Users/stephan/.yarn/lib/cli.js:137150:13)
      at Interface.emit (node:events:390:28)
      at Interface._ttyWrite (node:readline:1081:16)
      at ReadStream.onkeypress (node:readline:288:10)
      at ReadStream.emit (node:events:390:28)
      at emitKeys (node:internal/readline/utils:358:14)
      at emitKeys.next (<anonymous>)
      at ReadStream.onData (node:internal/readline/emitKeypressEvents:61:36)
      at ReadStream.emit (node:events:390:28)
      at addChunk (node:internal/streams/readable:315:12)

npm manifest: 
  No manifest

yarn manifest: 
  No manifest

Lockfile: 
  No lockfile
